2018-07-02 10:21:25|   0.1|  0.1|INFORM|FME 2017.1.2.0 (20171213 - Build 17722 - WIN64)
2018-07-02 10:21:25|   0.1|  0.0|INFORM|FME_HOME is 'C:\Program Files\FME\'
2018-07-02 10:21:25|   0.1|  0.0|INFORM|FME Desktop Oracle Edition (floating)
2018-07-02 10:21:25|   0.1|  0.0|INFORM|Permanent License.
2018-07-02 10:21:25|   0.1|  0.0|INFORM|Machine host name is: AT15073-P
2018-07-02 10:21:25|   0.1|  0.0|INFORM|START - ProcessID: 6368, peak process memory usage: 31180 kB, current process memory usage: 31180 kB
2018-07-02 10:21:25|   0.1|  0.0|INFORM|FME Configuration: Command line arguments are `C:\Program Files\FME\fme.exe' `//atalfmet01/FME_Working/AT_Projects/Server_Monitor\wb-xlate-153048368230_3956' `LOG_STANDARDOUT' `YES' `LogCountServerName' `{a29767e5-02ca-480b-9e88-e1fd96362d7c}'
2018-07-02 10:21:25|   0.2|  0.1|INFORM|Shared folders for formats are : C:\Program Files\FME\datasources;C:\Users\jejyjose1\Documents\FME\Formats
2018-07-02 10:21:25|   0.2|  0.0|INFORM|Shared folders for transformers are : C:\Program Files\FME\transformers;C:\Users\jejyjose1\Documents\FME\Transformers;C:\Users\jejyjose1\AppData\Roaming\Safe Software\FME\FME Store\Transformers
2018-07-02 10:21:25|   0.2|  0.0|INFORM|Shared folders for coordinate systems are : C:\Users\jejyjose1\Documents\FME\CoordinateSystems
2018-07-02 10:21:25|   0.2|  0.0|INFORM|Shared folders for coordinate system exceptions are : C:\Users\jejyjose1\Documents\FME\CoordinateSystemExceptions
2018-07-02 10:21:25|   0.2|  0.0|INFORM|Shared folders for coordinate system grid overrides are : C:\Users\jejyjose1\Documents\FME\CoordinateSystemGridOverrides
2018-07-02 10:21:25|   0.2|  0.0|INFORM|Shared folders for CS-MAP transformation exceptions are : C:\Users\jejyjose1\Documents\FME\CsmapTransformationExceptions
2018-07-02 10:21:25|   0.2|  0.0|INFORM|Shared folders for transformer categories are : C:\Users\jejyjose1\Documents\FME\TransformerCategories
2018-07-02 10:21:25|   0.2|  0.0|INFORM|FME Configuration: Reader Keyword is `CSV2_1'
2018-07-02 10:21:25|   0.2|  0.0|INFORM|FME Configuration: Writer Keyword is `MULTI_WRITER'
2018-07-02 10:21:25|   0.2|  0.0|INFORM|FME Configuration: Writer Group Definition Keyword is `MULTI_WRITER_DEF'
2018-07-02 10:21:25|   0.2|  0.0|INFORM|FME Configuration: Reader type is `CSV2'
2018-07-02 10:21:25|   0.2|  0.0|INFORM|FME Configuration: Writer type is `MULTI_WRITER'
2018-07-02 10:21:25|   0.2|  0.0|INFORM|FME Configuration: No destination coordinate system set
2018-07-02 10:21:25|   0.2|  0.0|INFORM|FME Configuration: Current working folder is `\\atalfmet01\FME_Working\AT_Projects\Server_Monitor'
2018-07-02 10:21:25|   0.2|  0.0|INFORM|FME Configuration: Temporary folder is `C:\Users\JEJYJO~1\AppData\Local\Temp', set from environment variable `TEMP'
2018-07-02 10:21:25|   0.2|  0.0|INFORM|FME Configuration: FME_HOME is `C:\Program Files\FME\'
2018-07-02 10:21:25|   0.2|  0.0|INFORM|FME Configuration: FME_BASE is 'no'
2018-07-02 10:21:25|   0.2|  0.0|INFORM|FME Configuration: FME_MF_DIR is '\\atalfmet01\FME_Working\AT_Projects\Server_Monitor/'
2018-07-02 10:21:25|   0.2|  0.0|INFORM|FME Configuration: FME_MF_NAME is 'Reports_Usage_Logs.fmw'
2018-07-02 10:21:25|   0.2|  0.0|INFORM|FME Configuration: FME_PRODUCT_NAME is 'FME(R) 2017.1.2.0'
2018-07-02 10:21:25|   0.2|  0.0|INFORM|System Status: 358.89 GB of disk space available in the FME temporary folder (C:\Users\JEJYJO~1\AppData\Local\Temp)
2018-07-02 10:21:25|   0.2|  0.0|INFORM|System Status: 128.00 TB of virtual memory available
2018-07-02 10:21:25|   0.2|  0.0|INFORM|Operating System: Microsoft Windows 10 64-bit  (Build 14393)
2018-07-02 10:21:25|   0.2|  0.0|INFORM|FME Platform: WIN64
2018-07-02 10:21:25|   0.2|  0.0|INFORM|Locale: en_NZ
2018-07-02 10:21:25|   0.2|  0.0|INFORM|Code Page: 1252  (ANSI - Latin I)
2018-07-02 10:21:25|   0.2|  0.0|INFORM|FME Configuration: Process limit is 31.92 GB of physical memory
2018-07-02 10:21:25|   0.2|  0.0|INFORM|FME Configuration: Start freeing memory when process usage exceeds 95.76 GB of virtual memory
2018-07-02 10:21:25|   0.2|  0.0|INFORM|FME Configuration: Stop freeing memory when process usage is below 71.82 GB of virtual memory
2018-07-02 10:21:25|   0.2|  0.0|INFORM|Creating writer for format: 
2018-07-02 10:21:25|   0.3|  0.0|INFORM|Creating reader for format: CSV (Comma Separated Value)
2018-07-02 10:21:25|   0.3|  0.0|INFORM|Trying to find a DYNAMIC plugin for reader named `CSV2'
2018-07-02 10:21:25|   0.3|  0.0|INFORM|Loaded module 'CSV2' from file 'C:\Program Files\FME\plugins/CSV2.dll'
2018-07-02 10:21:25|   0.3|  0.0|INFORM|FME API version of module 'CSV2' matches current internal version (3.8 20170315)
2018-07-02 10:21:25|   0.3|  0.0|INFORM|CSV reader: Opening dataset '\\atalfmet01\FME_Working\AT_Projects\Server_Monitor\Data_Input_OrgChart\AT_OrgList.csv'
2018-07-02 10:21:25|   0.3|  0.0|INFORM|CSV reader: Directive '_DELIMITER' has the value ','
2018-07-02 10:21:25|   0.3|  0.0|INFORM|CSV reader: Directive '_FIELD_NAMES_LINE' has the value '1'
2018-07-02 10:21:25|   0.3|  0.0|INFORM|CSV reader: Directive '_DATA_START_LINE' has the value '2'
2018-07-02 10:21:25|   0.3|  0.0|INFORM|CSV reader: Directive '_SCAN_MAX_ROWS' has the value '1000'
2018-07-02 10:21:25|   0.3|  0.0|INFORM|CSV reader: Directive '_READ_SKIPPED_LINES' has the value 'No'
2018-07-02 10:21:25|   0.3|  0.0|INFORM|CSV reader: Directive '_SKIP_DUPLICATE_DELIMITERS' has the value 'No'
2018-07-02 10:21:25|   0.3|  0.0|INFORM|CSV reader: Directive '_FIELD_QUALIFIER_CHARACTER' has the value '"'
2018-07-02 10:21:25|   0.3|  0.0|INFORM|CSV reader: Directive '_FIELD_QUALIFIER_ESCAPE_CHARACTER' has the value '"'
2018-07-02 10:21:25|   0.3|  0.0|INFORM|CSV reader: Directive '_TRIM_FIELD_NAME_QUALIFIERS' has the value 'Yes'
2018-07-02 10:21:25|   0.3|  0.0|INFORM|CSV reader: Directive '_TRIM_FIELD_VALUE_QUALIFIERS' has the value 'Yes'
2018-07-02 10:21:25|   0.3|  0.0|INFORM|CSV reader: Directive '_PRESERVE_SOURCE_ENCODING' has the value 'No'
2018-07-02 10:21:25|   0.3|  0.0|INFORM|CSV reader: Directive '_CASE_SENSITIVE_FIELD_NAMES' has the value 'Yes'
2018-07-02 10:21:25|   0.3|  0.0|INFORM|CSV reader: Directive '_ENFORCE_STRICT_SCHEMA' has the value 'No'
2018-07-02 10:21:25|   0.3|  0.0|INFORM|CSV reader: Directive '_SCAN_TYPES' has the value 'No'
2018-07-02 10:21:25|   0.3|  0.0|INFORM|CSV reader: Directive '_SCAN_ADDITIONAL_FIELDS' has the value 'No'
2018-07-02 10:21:25|   0.3|  0.0|INFORM|Using MultiWriter with keyword `MULTI_WRITER' to output data (ID_ATTRIBUTE is `multi_writer_id')
2018-07-02 10:21:25|   0.3|  0.0|INFORM|Writer output will be ordered by value of multi_writer_id
2018-07-02 10:21:25|   0.3|  0.0|INFORM|Loaded module 'LogCount_func' from file 'C:\Program Files\FME\plugins/LogCount_func.dll'
2018-07-02 10:21:25|   0.3|  0.0|INFORM|FME API version of module 'LogCount_func' matches current internal version (3.8 20170315)
2018-07-02 10:21:25|   0.3|  0.0|INFORM|Loaded module 'QueryFactory' from file 'C:\Program Files\FME\plugins/QueryFactory.dll'
2018-07-02 10:21:25|   0.3|  0.0|INFORM|FME API version of module 'QueryFactory' matches current internal version (3.8 20170315)
2018-07-02 10:21:25|   0.4|  0.1|INFORM|... Last line repeated 7 times ...
2018-07-02 10:21:26|   1.5|  1.0|INFORM|FME Configuration: Named Connection Storage: 'C:\Users\jejyjose1\AppData\Roaming\Safe Software\FME\'
2018-07-02 10:21:26|   1.5|  0.0|INFORM|FME Configuration: Using Named Connection values from 'AT MSSQL - REPORTS PREPROD' for R_1
2018-07-02 10:21:26|   1.5|  0.0|INFORM|Creating reader for format: Microsoft SQL Server Non-Spatial
2018-07-02 10:21:26|   1.5|  0.1|INFORM|Trying to find a DYNAMIC plugin for reader named `MSSQL_ADO'
2018-07-02 10:21:26|   1.5|  0.0|INFORM|Loaded module 'MSSQL_ADO' from file 'C:\Program Files\FME\plugins/FME_ADO.dll'
2018-07-02 10:21:26|   1.5|  0.0|INFORM|FME API version of module 'MSSQL_ADO' matches current internal version (3.8 20170315)
2018-07-02 10:21:26|   1.5|  0.0|INFORM|Performing query against MSSQL_ADO dataset `AT MSSQL - REPORTS PREPROD'
2018-07-02 10:21:26|   1.5|  0.0|INFORM|Microsoft SQL Server Non-Spatial Reader: Opening `AT_Reports' for read operation
2018-07-02 10:21:26|   1.5|  0.0|INFORM|Microsoft SQL Server Non-Spatial Reader: Trying to connect using SQL Server 2012 Native Client...
2018-07-02 10:21:26|   1.6|  0.0|INFORM|Creating writer for format: Microsoft Excel
2018-07-02 10:21:26|   1.6|  0.0|INFORM|Trying to find a DYNAMIC plugin for writer named `XLSXW'
2018-07-02 10:21:26|   1.6|  0.0|INFORM|Loaded module 'XLSXW' from file 'C:\Program Files\FME\plugins/xlsx.dll'
2018-07-02 10:21:26|   1.6|  0.0|INFORM|FME API version of module 'XLSXW' matches current internal version (3.8 20170315)
2018-07-02 10:21:26|   1.6|  0.0|INFORM|FME Configuration: No destination coordinate system set
2018-07-02 10:21:26|   1.6|  0.0|INFORM|FME API version of module 'XLSXW' matches current internal version (3.8 20170315)
2018-07-02 10:21:26|   1.6|  0.0|INFORM|Writer `XLSXW_1' of type `XLSXW' using group definition keyword `XLSXW_1_DEF'
2018-07-02 10:21:26|   1.6|  0.0|INFORM|FME API version of module 'XLSXW' matches current internal version (3.8 20170315)
2018-07-02 10:21:26|   1.6|  0.0|INFORM|Excel Writer: Use Attribute Names As Column Positions is set to 'no' for sheet 'UnusedUsersByDepartment' in dataset '\\atalfmet01\FME_Working\AT_Projects\Server_Monitor\Data_Output_Reporting\UserUsageLogs_PREPRODUCTION_20180703.xlsx' 
2018-07-02 10:21:26|   1.6|  0.0|INFORM|Excel Writer: Use Attribute Names As Column Positions is set to 'no' for sheet 'WeeklyLoginByBU' in dataset '\\atalfmet01\FME_Working\AT_Projects\Server_Monitor\Data_Output_Reporting\UserUsageLogs_PREPRODUCTION_20180703.xlsx' 
2018-07-02 10:21:26|   1.6|  0.0|INFORM|Excel Writer: Use Attribute Names As Column Positions is set to 'no' for sheet 'LastLoginsByUserDaysAgo' in dataset '\\atalfmet01\FME_Working\AT_Projects\Server_Monitor\Data_Output_Reporting\UserUsageLogs_PREPRODUCTION_20180703.xlsx' 
2018-07-02 10:21:26|   1.6|  0.0|INFORM|Excel Writer: Use Attribute Names As Column Positions is set to 'no' for sheet 'WeeklyLoginsSummInfo' in dataset '\\atalfmet01\FME_Working\AT_Projects\Server_Monitor\Data_Output_Reporting\UserUsageLogs_PREPRODUCTION_20180703.xlsx' 
2018-07-02 10:21:26|   1.6|  0.0|INFORM|Excel Writer: Use Attribute Names As Column Positions is set to 'no' for sheet 'LastCountsByUser' in dataset '\\atalfmet01\FME_Working\AT_Projects\Server_Monitor\Data_Output_Reporting\UserUsageLogs_PREPRODUCTION_20180703.xlsx' 
2018-07-02 10:21:26|   1.6|  0.0|INFORM|Excel Writer: Use Attribute Names As Column Positions is set to 'no' for sheet 'LoginsUserWeekly' in dataset '\\atalfmet01\FME_Working\AT_Projects\Server_Monitor\Data_Output_Reporting\UserUsageLogs_PREPRODUCTION_20180703.xlsx' 
2018-07-02 10:21:26|   1.6|  0.0|INFORM|Excel Writer: Use Attribute Names As Column Positions is set to 'no' for sheet 'LoginsWeekly' in dataset '\\atalfmet01\FME_Working\AT_Projects\Server_Monitor\Data_Output_Reporting\UserUsageLogs_PREPRODUCTION_20180703.xlsx' 
2018-07-02 10:21:26|   1.6|  0.0|INFORM|Excel Writer: Use Attribute Names As Column Positions is set to 'no' for sheet 'Unused users' in dataset '\\atalfmet01\FME_Working\AT_Projects\Server_Monitor\Data_Output_Reporting\UserUsageLogs_PREPRODUCTION_20180703.xlsx' 
2018-07-02 10:21:26|   1.6|  0.0|INFORM|Excel Writer: Use Attribute Names As Column Positions is set to 'no' for sheet 'LastLoginsByUser' in dataset '\\atalfmet01\FME_Working\AT_Projects\Server_Monitor\Data_Output_Reporting\UserUsageLogs_PREPRODUCTION_20180703.xlsx' 
2018-07-02 10:21:27|   1.6|  0.0|INFORM|Excel Writer: Deleted existing destination file '\\atalfmet01\FME_Working\AT_Projects\Server_Monitor\Data_Output_Reporting\UserUsageLogs_PREPRODUCTION_20180703.xlsx'
2018-07-02 10:21:27|   1.6|  0.0|INFORM|Excel Writer: Opening dataset '\\atalfmet01\FME_Working\AT_Projects\Server_Monitor\Data_Output_Reporting\UserUsageLogs_PREPRODUCTION_20180703.xlsx'...
2018-07-02 10:21:27|   1.6|  0.0|INFORM|Excel Writer: Sheet 'LastLoginsByUser' has writer mode 'INSERT'
2018-07-02 10:21:27|   1.6|  0.0|INFORM|Excel Writer: Sheet 'LastLoginsByUser' has Output field names set to 'yes'
2018-07-02 10:21:27|   1.6|  0.0|INFORM|Excel Writer: Sheet 'LastLoginsByUser' will start writing to row '1' and column 'A' relative to its start location. Sheets have a starting location of row 1, column 1, named range starting locations can be specified
2018-07-02 10:21:27|   1.6|  0.0|INFORM|Excel Writer: Outputting field names for sheet 'LastLoginsByUser'
2018-07-02 10:21:27|   1.6|  0.0|INFORM|Microsoft SQL Server Non-Spatial Reader: Database read complete.  Retrieved 220 feature(s)
2018-07-02 10:21:27|   1.7|  0.0|INFORM|FME Configuration: Using Named Connection values from 'AT MSSQL - REPORTS PREPROD' for R_2
2018-07-02 10:21:27|   1.7|  0.0|INFORM|Creating reader for format: Microsoft SQL Server Non-Spatial
2018-07-02 10:21:27|   1.7|  0.0|INFORM|Trying to find a DYNAMIC plugin for reader named `MSSQL_ADO'
2018-07-02 10:21:27|   1.7|  0.0|INFORM|FME API version of module 'MSSQL_ADO' matches current internal version (3.8 20170315)
2018-07-02 10:21:27|   1.7|  0.0|INFORM|Performing query against MSSQL_ADO dataset `AT MSSQL - REPORTS PREPROD'
2018-07-02 10:21:27|   1.7|  0.0|INFORM|Microsoft SQL Server Non-Spatial Reader: Opening `AT_Reports' for read operation
2018-07-02 10:21:27|   1.7|  0.0|INFORM|Excel Writer: Sheet 'LastLoginsByUserDaysAgo' has writer mode 'INSERT'
2018-07-02 10:21:27|   1.7|  0.0|INFORM|Excel Writer: Sheet 'LastLoginsByUserDaysAgo' has Output field names set to 'yes'
2018-07-02 10:21:27|   1.7|  0.0|INFORM|Excel Writer: Sheet 'LastLoginsByUserDaysAgo' will start writing to row '1' and column 'A' relative to its start location. Sheets have a starting location of row 1, column 1, named range starting locations can be specified
2018-07-02 10:21:27|   1.7|  0.0|INFORM|Excel Writer: Outputting field names for sheet 'LastLoginsByUserDaysAgo'
2018-07-02 10:21:27|   1.7|  0.0|INFORM|Microsoft SQL Server Non-Spatial Reader: Database read complete.  Retrieved 220 feature(s)
2018-07-02 10:21:27|   1.7|  0.0|INFORM|FME Configuration: Using Named Connection values from 'AT MSSQL - REPORTS PREPROD' for R_3
2018-07-02 10:21:27|   1.7|  0.0|INFORM|Creating reader for format: Microsoft SQL Server Non-Spatial
2018-07-02 10:21:27|   1.7|  0.0|INFORM|Trying to find a DYNAMIC plugin for reader named `MSSQL_ADO'
2018-07-02 10:21:27|   1.7|  0.0|INFORM|FME API version of module 'MSSQL_ADO' matches current internal version (3.8 20170315)
2018-07-02 10:21:27|   1.7|  0.0|INFORM|Performing query against MSSQL_ADO dataset `AT MSSQL - REPORTS PREPROD'
2018-07-02 10:21:27|   1.7|  0.0|INFORM|Microsoft SQL Server Non-Spatial Reader: Opening `AT_Reports' for read operation
2018-07-02 10:21:27|   1.7|  0.0|INFORM|Excel Writer: Sheet 'LastCountsByUser' has writer mode 'INSERT'
2018-07-02 10:21:27|   1.7|  0.0|INFORM|Excel Writer: Sheet 'LastCountsByUser' has Output field names set to 'yes'
2018-07-02 10:21:27|   1.7|  0.0|INFORM|Excel Writer: Sheet 'LastCountsByUser' will start writing to row '1' and column 'A' relative to its start location. Sheets have a starting location of row 1, column 1, named range starting locations can be specified
2018-07-02 10:21:27|   1.7|  0.0|INFORM|Excel Writer: Outputting field names for sheet 'LastCountsByUser'
2018-07-02 10:21:27|   1.7|  0.0|INFORM|Microsoft SQL Server Non-Spatial Reader: Database read complete.  Retrieved 128 feature(s)
2018-07-02 10:21:27|   1.7|  0.0|INFORM|FME Configuration: Using Named Connection values from 'AT MSSQL - REPORTS PREPROD' for R_4
2018-07-02 10:21:27|   1.7|  0.0|INFORM|Creating reader for format: Microsoft SQL Server Non-Spatial
2018-07-02 10:21:27|   1.7|  0.0|INFORM|Trying to find a DYNAMIC plugin for reader named `MSSQL_ADO'
2018-07-02 10:21:27|   1.7|  0.0|INFORM|FME API version of module 'MSSQL_ADO' matches current internal version (3.8 20170315)
2018-07-02 10:21:27|   1.7|  0.0|INFORM|Performing query against MSSQL_ADO dataset `AT MSSQL - REPORTS PREPROD'
2018-07-02 10:21:27|   1.7|  0.0|INFORM|Microsoft SQL Server Non-Spatial Reader: Opening `AT_Reports' for read operation
2018-07-02 10:21:27|   1.7|  0.0|INFORM|Excel Writer: Sheet 'LoginsUserWeekly' has writer mode 'INSERT'
2018-07-02 10:21:27|   1.7|  0.0|INFORM|Excel Writer: Sheet 'LoginsUserWeekly' has Output field names set to 'yes'
2018-07-02 10:21:27|   1.7|  0.0|INFORM|Excel Writer: Sheet 'LoginsUserWeekly' will start writing to row '1' and column 'A' relative to its start location. Sheets have a starting location of row 1, column 1, named range starting locations can be specified
2018-07-02 10:21:27|   1.7|  0.0|INFORM|Excel Writer: Outputting field names for sheet 'LoginsUserWeekly'
2018-07-02 10:21:27|   1.8|  0.1|INFORM|Microsoft SQL Server Non-Spatial Reader: Database read complete.  Retrieved 284 feature(s)
2018-07-02 10:21:27|   1.8|  0.0|INFORM|FME Configuration: Using Named Connection values from 'AT MSSQL - REPORTS PREPROD' for R_5
2018-07-02 10:21:27|   1.8|  0.0|INFORM|Creating reader for format: Microsoft SQL Server Non-Spatial
2018-07-02 10:21:27|   1.8|  0.0|INFORM|Trying to find a DYNAMIC plugin for reader named `MSSQL_ADO'
2018-07-02 10:21:27|   1.8|  0.0|INFORM|FME API version of module 'MSSQL_ADO' matches current internal version (3.8 20170315)
2018-07-02 10:21:27|   1.8|  0.0|INFORM|Performing query against MSSQL_ADO dataset `AT MSSQL - REPORTS PREPROD'
2018-07-02 10:21:27|   1.8|  0.0|INFORM|Microsoft SQL Server Non-Spatial Reader: Opening `AT_Reports' for read operation
2018-07-02 10:21:27|   1.8|  0.0|INFORM|Excel Writer: Sheet 'WeeklyLoginsSummInfo' has writer mode 'INSERT'
2018-07-02 10:21:27|   1.8|  0.0|INFORM|Excel Writer: Sheet 'WeeklyLoginsSummInfo' has Output field names set to 'yes'
2018-07-02 10:21:27|   1.8|  0.0|INFORM|Excel Writer: Sheet 'WeeklyLoginsSummInfo' will start writing to row '1' and column 'A' relative to its start location. Sheets have a starting location of row 1, column 1, named range starting locations can be specified
2018-07-02 10:21:27|   1.8|  0.0|INFORM|Excel Writer: Outputting field names for sheet 'WeeklyLoginsSummInfo'
2018-07-02 10:21:27|   1.8|  0.0|INFORM|Microsoft SQL Server Non-Spatial Reader: Database read complete.  Retrieved 13 feature(s)
2018-07-02 10:21:27|   1.8|  0.0|INFORM|FME Configuration: Using Named Connection values from 'AT MSSQL - REPORTS PREPROD' for R_6
2018-07-02 10:21:27|   1.8|  0.0|INFORM|Creating reader for format: Microsoft SQL Server Non-Spatial
2018-07-02 10:21:27|   1.8|  0.0|INFORM|Trying to find a DYNAMIC plugin for reader named `MSSQL_ADO'
2018-07-02 10:21:27|   1.8|  0.0|INFORM|FME API version of module 'MSSQL_ADO' matches current internal version (3.8 20170315)
2018-07-02 10:21:27|   1.8|  0.0|INFORM|Performing query against MSSQL_ADO dataset `AT MSSQL - REPORTS PREPROD'
2018-07-02 10:21:27|   1.8|  0.0|INFORM|Microsoft SQL Server Non-Spatial Reader: Opening `AT_Reports' for read operation
2018-07-02 10:21:27|   1.8|  0.0|INFORM|Excel Writer: Sheet 'WeeklyLoginByBU' has writer mode 'INSERT'
2018-07-02 10:21:27|   1.8|  0.0|INFORM|Excel Writer: Sheet 'WeeklyLoginByBU' has Output field names set to 'yes'
2018-07-02 10:21:27|   1.8|  0.0|INFORM|Excel Writer: Sheet 'WeeklyLoginByBU' will start writing to row '1' and column 'A' relative to its start location. Sheets have a starting location of row 1, column 1, named range starting locations can be specified
2018-07-02 10:21:27|   1.8|  0.0|INFORM|Excel Writer: Outputting field names for sheet 'WeeklyLoginByBU'
2018-07-02 10:21:27|   1.9|  0.1|INFORM|Microsoft SQL Server Non-Spatial Reader: Database read complete.  Retrieved 162 feature(s)
2018-07-02 10:21:27|   1.9|  0.0|INFORM|FME Configuration: Using Named Connection values from 'AT MSSQL - REPORTS PREPROD' for R_7
2018-07-02 10:21:27|   1.9|  0.0|INFORM|Creating reader for format: Microsoft SQL Server Non-Spatial
2018-07-02 10:21:27|   1.9|  0.0|INFORM|Trying to find a DYNAMIC plugin for reader named `MSSQL_ADO'
2018-07-02 10:21:27|   1.9|  0.0|INFORM|FME API version of module 'MSSQL_ADO' matches current internal version (3.8 20170315)
2018-07-02 10:21:27|   1.9|  0.0|INFORM|Performing query against MSSQL_ADO dataset `AT MSSQL - REPORTS PREPROD'
2018-07-02 10:21:27|   1.9|  0.0|INFORM|Microsoft SQL Server Non-Spatial Reader: Opening `AT_Reports' for read operation
2018-07-02 10:21:27|   1.9|  0.0|INFORM|Excel Writer: Sheet 'LoginsWeekly' has writer mode 'INSERT'
2018-07-02 10:21:27|   1.9|  0.0|INFORM|Excel Writer: Sheet 'LoginsWeekly' has Output field names set to 'yes'
2018-07-02 10:21:27|   1.9|  0.0|INFORM|Excel Writer: Sheet 'LoginsWeekly' will start writing to row '1' and column 'A' relative to its start location. Sheets have a starting location of row 1, column 1, named range starting locations can be specified
2018-07-02 10:21:27|   1.9|  0.0|INFORM|Excel Writer: Outputting field names for sheet 'LoginsWeekly'
2018-07-02 10:21:27|   1.9|  0.0|INFORM|Microsoft SQL Server Non-Spatial Reader: Database read complete.  Retrieved 13 feature(s)
2018-07-02 10:21:27|   1.9|  0.0|INFORM|FME Configuration: Using Named Connection values from 'AT MSSQL - REPORTS PREPROD' for R_8
2018-07-02 10:21:28|   1.9|  0.0|INFORM|Creating reader for format: Microsoft SQL Server Non-Spatial
2018-07-02 10:21:28|   1.9|  0.0|INFORM|Trying to find a DYNAMIC plugin for reader named `MSSQL_ADO'
2018-07-02 10:21:28|   1.9|  0.0|INFORM|FME API version of module 'MSSQL_ADO' matches current internal version (3.8 20170315)
2018-07-02 10:21:28|   1.9|  0.0|INFORM|Performing query against MSSQL_ADO dataset `AT MSSQL - REPORTS PREPROD'
2018-07-02 10:21:28|   1.9|  0.0|INFORM|Microsoft SQL Server Non-Spatial Reader: Opening `AT_Reports' for read operation
2018-07-02 10:21:28|   1.9|  0.0|INFORM|Microsoft SQL Server Non-Spatial Reader: Database read complete.  Retrieved 220 feature(s)
2018-07-02 10:21:28|   2.0|  0.0|INFORM|AttributeManager_5(AttrSetFactory): Splitting feature table
2018-07-02 10:21:28|   2.1|  0.2|INFORM|Emptying factory pipeline
2018-07-02 10:21:28|   2.1|  0.0|STATS |Router and Unexpected Input Remover(RoutingFactory): Tested 1999 input feature(s), wrote 1999 output feature(s): 1999 matched merge filters, 1999 were routed to output, 0 could not be routed.
2018-07-02 10:21:28|   2.1|  0.0|STATS |Unexpected Input Remover Nuker(TeeFactory): Cloned 0 input feature(s) into 0 output feature(s)
2018-07-02 10:21:28|   2.1|  0.0|STATS |CSV (CSV2_1) Splitter(TeeFactory): Cloned 1999 input feature(s) into 1999 output feature(s)
2018-07-02 10:21:28|   2.1|  0.0|STATS |CSV_CSV2_1 Feature Counter -1 62(TeeFactory): Cloned 1999 input feature(s) into 1999 output feature(s)
2018-07-02 10:21:28|   2.1|  0.0|STATS |SQLCreator_Creator(CreationFactory): Created 1 features
2018-07-02 10:21:28|   2.1|  0.0|INFORM|Microsoft SQL Server Non-Spatial Reader: Closing `AT_Reports' . Read operation complete
2018-07-02 10:21:28|   2.1|  0.0|STATS |SQLCreator_RESULT Feature Counter -1 51(TeeFactory): Cloned 220 input feature(s) into 220 output feature(s)
2018-07-02 10:21:28|   2.1|  0.0|STATS |SQLCreator_RESULT Brancher -1 51(BranchingFactory): Branched 220 input features -- 220 features routed to the target factory, and 0 features routed to the fallback factory.
2018-07-02 10:21:28|   2.1|  0.0|STATS |SQLCreator_<REJECTED> Feature Counter -1 2147614752(TeeFactory): Cloned 0 input feature(s) into 0 output feature(s)
2018-07-02 10:21:28|   2.1|  0.0|STATS |SQLCreator_<Rejected>(TeeFactory): Cloned 0 input feature(s) into 0 output feature(s)
2018-07-02 10:21:28|   2.1|  0.0|STATS |SQLCreator_2_Creator(CreationFactory): Created 1 features
2018-07-02 10:21:28|   2.1|  0.0|INFORM|Microsoft SQL Server Non-Spatial Reader: Closing `AT_Reports' . Read operation complete
2018-07-02 10:21:28|   2.1|  0.0|STATS |SQLCreator_2_RESULT Feature Counter -1 35(TeeFactory): Cloned 220 input feature(s) into 220 output feature(s)
2018-07-02 10:21:28|   2.1|  0.0|STATS |SQLCreator_2_RESULT Brancher -1 35(BranchingFactory): Branched 220 input features -- 220 features routed to the target factory, and 0 features routed to the fallback factory.
2018-07-02 10:21:28|   2.1|  0.0|STATS |SQLCreator_2_<REJECTED> Feature Counter -1 2147614754(TeeFactory): Cloned 0 input feature(s) into 0 output feature(s)
2018-07-02 10:21:28|   2.1|  0.0|STATS |SQLCreator_2_<Rejected>(TeeFactory): Cloned 0 input feature(s) into 0 output feature(s)
2018-07-02 10:21:28|   2.1|  0.0|STATS |SQLCreator_3_Creator(CreationFactory): Created 1 features
2018-07-02 10:21:28|   2.1|  0.0|INFORM|Microsoft SQL Server Non-Spatial Reader: Closing `AT_Reports' . Read operation complete
2018-07-02 10:21:28|   2.1|  0.0|STATS |SQLCreator_3_RESULT Feature Counter -1 37(TeeFactory): Cloned 128 input feature(s) into 128 output feature(s)
2018-07-02 10:21:28|   2.1|  0.0|STATS |SQLCreator_3_RESULT Brancher -1 37(BranchingFactory): Branched 128 input features -- 128 features routed to the target factory, and 0 features routed to the fallback factory.
2018-07-02 10:21:28|   2.1|  0.0|STATS |SQLCreator_3_<REJECTED> Feature Counter -1 2147614756(TeeFactory): Cloned 0 input feature(s) into 0 output feature(s)
2018-07-02 10:21:28|   2.1|  0.0|STATS |SQLCreator_3_<Rejected>(TeeFactory): Cloned 0 input feature(s) into 0 output feature(s)
2018-07-02 10:21:28|   2.1|  0.0|STATS |SQLCreator_4_Creator(CreationFactory): Created 1 features
2018-07-02 10:21:28|   2.1|  0.0|INFORM|Microsoft SQL Server Non-Spatial Reader: Closing `AT_Reports' . Read operation complete
2018-07-02 10:21:28|   2.1|  0.0|STATS |SQLCreator_4_RESULT Feature Counter -1 40(TeeFactory): Cloned 284 input feature(s) into 284 output feature(s)
2018-07-02 10:21:28|   2.1|  0.0|STATS |SQLCreator_4_RESULT Brancher -1 40(BranchingFactory): Branched 284 input features -- 284 features routed to the target factory, and 0 features routed to the fallback factory.
2018-07-02 10:21:28|   2.1|  0.0|STATS |SQLCreator_4_<REJECTED> Feature Counter -1 2147614759(TeeFactory): Cloned 0 input feature(s) into 0 output feature(s)
2018-07-02 10:21:28|   2.1|  0.0|STATS |SQLCreator_4_<Rejected>(TeeFactory): Cloned 0 input feature(s) into 0 output feature(s)
2018-07-02 10:21:28|   2.1|  0.0|STATS |SQLCreator_5_Creator(CreationFactory): Created 1 features
2018-07-02 10:21:28|   2.1|  0.0|INFORM|Microsoft SQL Server Non-Spatial Reader: Closing `AT_Reports' . Read operation complete
2018-07-02 10:21:28|   2.1|  0.0|STATS |SQLCreator_5_RESULT Feature Counter -1 42(TeeFactory): Cloned 13 input feature(s) into 13 output feature(s)
2018-07-02 10:21:28|   2.1|  0.0|STATS |SQLCreator_5_RESULT Brancher -1 42(BranchingFactory): Branched 13 input features -- 13 features routed to the target factory, and 0 features routed to the fallback factory.
2018-07-02 10:21:28|   2.1|  0.0|STATS |SQLCreator_5_<REJECTED> Feature Counter -1 2147614761(TeeFactory): Cloned 0 input feature(s) into 0 output feature(s)
2018-07-02 10:21:28|   2.1|  0.0|STATS |SQLCreator_5_<Rejected>(TeeFactory): Cloned 0 input feature(s) into 0 output feature(s)
2018-07-02 10:21:28|   2.1|  0.0|STATS |SQLCreator_6_Creator(CreationFactory): Created 1 features
2018-07-02 10:21:28|   2.1|  0.0|INFORM|Microsoft SQL Server Non-Spatial Reader: Closing `AT_Reports' . Read operation complete
2018-07-02 10:21:28|   2.1|  0.0|STATS |SQLCreator_6_RESULT Feature Counter -1 45(TeeFactory): Cloned 162 input feature(s) into 162 output feature(s)
2018-07-02 10:21:28|   2.1|  0.0|STATS |SQLCreator_6_RESULT Brancher -1 45(BranchingFactory): Branched 162 input features -- 162 features routed to the target factory, and 0 features routed to the fallback factory.
2018-07-02 10:21:28|   2.1|  0.0|STATS |SQLCreator_6_<REJECTED> Feature Counter -1 2147614758(TeeFactory): Cloned 0 input feature(s) into 0 output feature(s)
2018-07-02 10:21:28|   2.1|  0.0|STATS |SQLCreator_6_<Rejected>(TeeFactory): Cloned 0 input feature(s) into 0 output feature(s)
2018-07-02 10:21:28|   2.1|  0.0|STATS |SQLCreator_7_Creator(CreationFactory): Created 1 features
2018-07-02 10:21:28|   2.1|  0.0|INFORM|Microsoft SQL Server Non-Spatial Reader: Closing `AT_Reports' . Read operation complete
2018-07-02 10:21:28|   2.1|  0.0|STATS |SQLCreator_7_RESULT Feature Counter -1 50(TeeFactory): Cloned 13 input feature(s) into 13 output feature(s)
2018-07-02 10:21:28|   2.1|  0.0|STATS |SQLCreator_7_RESULT Brancher -1 50(BranchingFactory): Branched 13 input features -- 13 features routed to the target factory, and 0 features routed to the fallback factory.
2018-07-02 10:21:28|   2.1|  0.0|STATS |SQLCreator_7_<REJECTED> Feature Counter -1 2147614753(TeeFactory): Cloned 0 input feature(s) into 0 output feature(s)
2018-07-02 10:21:28|   2.1|  0.0|STATS |SQLCreator_7_<Rejected>(TeeFactory): Cloned 0 input feature(s) into 0 output feature(s)
2018-07-02 10:21:28|   2.1|  0.0|STATS |SQLCreator_8_Creator(CreationFactory): Created 1 features
2018-07-02 10:21:28|   2.1|  0.0|INFORM|Microsoft SQL Server Non-Spatial Reader: Closing `AT_Reports' . Read operation complete
2018-07-02 10:21:28|   2.1|  0.0|STATS |SQLCreator_8_RESULT Feature Counter -1 66(TeeFactory): Cloned 220 input feature(s) into 220 output feature(s)
2018-07-02 10:21:28|   2.2|  0.0|STATS |SQLCreator_8_RESULT Brancher -1 66(BranchingFactory): Branched 220 input features -- 220 features routed to the target factory, and 0 features routed to the fallback factory.
2018-07-02 10:21:28|   2.2|  0.0|STATS |SQLCreator_8_<REJECTED> Feature Counter -1 2147614775(TeeFactory): Cloned 0 input feature(s) into 0 output feature(s)
2018-07-02 10:21:28|   2.2|  0.0|STATS |SQLCreator_8_<Rejected>(TeeFactory): Cloned 0 input feature(s) into 0 output feature(s)
2018-07-02 10:21:28|   2.2|  0.0|STATS |_CREATOR_BRANCH_TARGET(TeeFactory): Cloned 3259 input feature(s) into 3259 output feature(s)
2018-07-02 10:21:28|   2.2|  0.0|STATS |AttributeManager_4_OUTPUT Feature Counter -1 52(TeeFactory): Cloned 13 input feature(s) into 13 output feature(s)
2018-07-02 10:21:28|   2.2|  0.0|STATS |AttributeManager_3_OUTPUT Feature Counter -1 49(TeeFactory): Cloned 162 input feature(s) into 162 output feature(s)
2018-07-02 10:21:28|   2.2|  0.0|STATS |AttributeManager_OUTPUT Feature Counter -1 29(TeeFactory): Cloned 13 input feature(s) into 13 output feature(s)
2018-07-02 10:21:28|   2.2|  0.0|STATS |AttributeManager_2_OUTPUT Feature Counter -1 31(TeeFactory): Cloned 284 input feature(s) into 284 output feature(s)
2018-07-02 10:21:28|   2.2|  0.0|STATS |AttributeManager_5_OUTPUT Feature Counter -1 65(TeeFactory): Cloned 1999 input feature(s) into 1999 output feature(s)
2018-07-02 10:21:28|   2.2|  0.0|STATS |FeatureMerger_2(ReferenceFactory): Total Results: 0 Complete Feature(s), 1848 Incomplete Feature(s), 0 Referenced Feature(s), 0 Unreferenced Feature(s), 0 Referencer Feature(s) (NO REFERENCES), 0 Referencee Feature(s) (NO Referencee fields defined), and 0 Duplicate Referencee Feature(s)
2018-07-02 10:21:28|   2.2|  0.0|STATS |FeatureMerger_2_UNMERGED_REQUESTOR Feature Counter -1 72(TeeFactory): Cloned 1848 input feature(s) into 1848 output feature(s)
2018-07-02 10:21:28|   2.2|  0.0|STATS |FeatureMerger_2_<REJECTED> Feature Counter -1 2147876927(TeeFactory): Cloned 0 input feature(s) into 0 output feature(s)
2018-07-02 10:21:28|   2.2|  0.0|STATS |FeatureMerger_2_<Rejected>(TeeFactory): Cloned 0 input feature(s) into 0 output feature(s)
2018-07-02 10:21:28|   2.2|  0.0|INFORM|Sorter(SortFactory): Starting sorting 1848 feature(s)
2018-07-02 10:21:28|   2.2|  0.0|INFORM|Sorter(SortFactory): Done sorting 1848 feature(s)
2018-07-02 10:21:28|   2.2|  0.0|INFORM|Excel Writer: Sheet 'Unused users' has writer mode 'INSERT'
2018-07-02 10:21:28|   2.2|  0.0|INFORM|Excel Writer: Sheet 'Unused users' has Output field names set to 'yes'
2018-07-02 10:21:28|   2.2|  0.0|INFORM|Excel Writer: Sheet 'Unused users' will start writing to row '1' and column 'A' relative to its start location. Sheets have a starting location of row 1, column 1, named range starting locations can be specified
2018-07-02 10:21:28|   2.2|  0.0|INFORM|Excel Writer: Outputting field names for sheet 'Unused users'
2018-07-02 10:21:28|   2.2|  0.0|INFORM|Excel Writer: Sheet 'UnusedUsersByDepartment' has writer mode 'INSERT'
2018-07-02 10:21:28|   2.2|  0.0|INFORM|Excel Writer: Sheet 'UnusedUsersByDepartment' has Output field names set to 'yes'
2018-07-02 10:21:28|   2.2|  0.0|INFORM|Excel Writer: Sheet 'UnusedUsersByDepartment' will start writing to row '1' and column 'A' relative to its start location. Sheets have a starting location of row 1, column 1, named range starting locations can be specified
2018-07-02 10:21:28|   2.2|  0.0|INFORM|Excel Writer: Outputting field names for sheet 'UnusedUsersByDepartment'
2018-07-02 10:21:29|   2.5|  0.4|STATS |Sorter(SortFactory): Sorted 1848 feature(s)
2018-07-02 10:21:29|   2.5|  0.0|STATS |Sorter SORTED Splitter(TeeFactory): Cloned 1848 input feature(s) into 3696 output feature(s)
2018-07-02 10:21:29|   2.5|  0.0|STATS |Sorter_SORTED_0_3iJewJ+xcb8= Feature Counter -1 73(TeeFactory): Cloned 1848 input feature(s) into 1848 output feature(s)
2018-07-02 10:21:29|   2.5|  0.0|STATS |Sorter_SORTED_1_AdG4IKX8gxs= Feature Counter -1 74(TeeFactory): Cloned 1848 input feature(s) into 1848 output feature(s)
2018-07-02 10:21:29|   2.5|  0.0|STATS |AttributeKeeper(TeeFactory): Cloned 1848 input feature(s) into 1848 output feature(s)
2018-07-02 10:21:29|   2.5|  0.0|STATS |AttributeKeeper_OUTPUT Feature Counter -1 76(TeeFactory): Cloned 1848 input feature(s) into 1848 output feature(s)
2018-07-02 10:21:29|   2.5|  0.0|STATS |Aggregator(AggregateFactory): Combined 1848 input feature(s) into 353 output feature(s), including 0 singleton(s)
2018-07-02 10:21:29|   2.5|  0.0|STATS |Aggregator_AGGREGATE Feature Counter -1 84(TeeFactory): Cloned 353 input feature(s) into 353 output feature(s)
2018-07-02 10:21:29|   2.5|  0.0|STATS |AttributeManager_7_OUTPUT Feature Counter -1 85(TeeFactory): Cloned 353 input feature(s) into 353 output feature(s)
2018-07-02 10:21:29|   2.5|  0.0|STATS |Destination Feature Type Routing Correlator(RoutingFactory): Tested 3241 input feature(s), wrote 3241 output feature(s): 0 matched merge filters, 3241 were routed to output, 0 could not be routed.
2018-07-02 10:21:29|   2.5|  0.0|STATS |Final Output Nuker(TeeFactory): Cloned 0 input feature(s) into 0 output feature(s)
2018-07-02 10:21:29|   2.5|  0.0|INFORM|Excel Writer: Saving changes to dataset '\\atalfmet01\FME_Working\AT_Projects\Server_Monitor\Data_Output_Reporting\UserUsageLogs_PREPRODUCTION_20180703.xlsx'
2018-07-02 10:21:29|   2.7|  0.2|INFORM|Excel Writer: Closing dataset '\\atalfmet01\FME_Working\AT_Projects\Server_Monitor\Data_Output_Reporting\UserUsageLogs_PREPRODUCTION_20180703.xlsx'...
2018-07-02 10:21:29|   2.7|  0.0|INFORM|=-=-=-=-=-=-=-=-=-=-=-=-=-=-=-=-=-=-=-=-=-=-=-=-=-=-=-=-=-=-=-=-=-=-=-=-=-=-=-
2018-07-02 10:21:29|   2.7|  0.0|INFORM|Feature output statistics for `XLSXW' writer using keyword `XLSXW_1':
2018-07-02 10:21:29|   2.7|  0.0|STATS |=-=-=-=-=-=-=-=-=-=-=-=-=-=-=-=-=-=-=-=-=-=-=-=-=-=-=-=-=-=-=-=-=-=-=-=-=-=-=-
2018-07-02 10:21:29|   2.7|  0.0|STATS |                               Features Written
2018-07-02 10:21:29|   2.7|  0.0|STATS |=-=-=-=-=-=-=-=-=-=-=-=-=-=-=-=-=-=-=-=-=-=-=-=-=-=-=-=-=-=-=-=-=-=-=-=-=-=-=-
2018-07-02 10:21:29|   2.7|  0.0|STATS |LastCountsByUser                                                           128
2018-07-02 10:21:29|   2.7|  0.0|STATS |LastLoginsByUser                                                           220
2018-07-02 10:21:29|   2.7|  0.0|STATS |LastLoginsByUserDaysAgo                                                    220
2018-07-02 10:21:29|   2.7|  0.0|STATS |LoginsUserWeekly                                                           284
2018-07-02 10:21:29|   2.7|  0.0|STATS |LoginsWeekly                                                                13
2018-07-02 10:21:29|   2.7|  0.0|STATS |Unused users                                                              1848
2018-07-02 10:21:29|   2.7|  0.0|STATS |UnusedUsersByDepartment                                                    353
2018-07-02 10:21:29|   2.7|  0.0|STATS |WeeklyLoginByBU                                                            162
2018-07-02 10:21:29|   2.7|  0.0|STATS |WeeklyLoginsSummInfo                                                        13
2018-07-02 10:21:29|   2.7|  0.0|STATS |==============================================================================
2018-07-02 10:21:29|   2.7|  0.0|STATS |Total Features Written                                                    3241
2018-07-02 10:21:29|   2.7|  0.0|STATS |=-=-=-=-=-=-=-=-=-=-=-=-=-=-=-=-=-=-=-=-=-=-=-=-=-=-=-=-=-=-=-=-=-=-=-=-=-=-=-
2018-07-02 10:21:29|   2.7|  0.0|STATS |=-=-=-=-=-=-=-=-=-=-=-=-=-=-=-=-=-=-=-=-=-=-=-=-=-=-=-=-=-=-=-=-=-=-=-=-=-=-=-
2018-07-02 10:21:29|   2.7|  0.0|STATS |                            Features Read Summary
2018-07-02 10:21:29|   2.7|  0.0|STATS |=-=-=-=-=-=-=-=-=-=-=-=-=-=-=-=-=-=-=-=-=-=-=-=-=-=-=-=-=-=-=-=-=-=-=-=-=-=-=-
2018-07-02 10:21:29|   2.7|  0.0|STATS |CSV                                                                       1999
2018-07-02 10:21:29|   2.7|  0.0|STATS |==============================================================================
2018-07-02 10:21:29|   2.7|  0.0|STATS |Total Features Read                                                       1999
2018-07-02 10:21:29|   2.7|  0.0|STATS |=-=-=-=-=-=-=-=-=-=-=-=-=-=-=-=-=-=-=-=-=-=-=-=-=-=-=-=-=-=-=-=-=-=-=-=-=-=-=-
2018-07-02 10:21:29|   2.7|  0.0|STATS |=-=-=-=-=-=-=-=-=-=-=-=-=-=-=-=-=-=-=-=-=-=-=-=-=-=-=-=-=-=-=-=-=-=-=-=-=-=-=-
2018-07-02 10:21:29|   2.7|  0.0|STATS |                           Features Written Summary
2018-07-02 10:21:29|   2.7|  0.0|STATS |=-=-=-=-=-=-=-=-=-=-=-=-=-=-=-=-=-=-=-=-=-=-=-=-=-=-=-=-=-=-=-=-=-=-=-=-=-=-=-
2018-07-02 10:21:29|   2.7|  0.0|STATS |LastCountsByUser                                                           128
2018-07-02 10:21:29|   2.7|  0.0|STATS |LastLoginsByUser                                                           220
2018-07-02 10:21:29|   2.7|  0.0|STATS |LastLoginsByUserDaysAgo                                                    220
2018-07-02 10:21:29|   2.7|  0.0|STATS |LoginsUserWeekly                                                           284
2018-07-02 10:21:29|   2.7|  0.0|STATS |LoginsWeekly                                                                13
2018-07-02 10:21:29|   2.7|  0.0|STATS |Unused users                                                              1848
2018-07-02 10:21:29|   2.7|  0.0|STATS |UnusedUsersByDepartment                                                    353
2018-07-02 10:21:29|   2.7|  0.0|STATS |WeeklyLoginByBU                                                            162
2018-07-02 10:21:29|   2.7|  0.0|STATS |WeeklyLoginsSummInfo                                                        13
2018-07-02 10:21:29|   2.7|  0.0|STATS |==============================================================================
2018-07-02 10:21:29|   2.7|  0.0|STATS |Total Features Written                                                    3241
2018-07-02 10:21:29|   2.7|  0.0|STATS |=-=-=-=-=-=-=-=-=-=-=-=-=-=-=-=-=-=-=-=-=-=-=-=-=-=-=-=-=-=-=-=-=-=-=-=-=-=-=-
2018-07-02 10:21:29|   2.8|  0.0|INFORM|Translation was SUCCESSFUL with 0 warning(s) (3241 feature(s) output)
2018-07-02 10:21:29|   2.8|  0.0|INFORM|FME Session Duration: 5.1 seconds. (CPU: 2.1s user, 0.5s system)
2018-07-02 10:21:29|   2.8|  0.0|INFORM|END - ProcessID: 6368, peak process memory usage: 975540 kB, current process memory usage: 933948 kB
